<?xml version="1.0" encoding="UTF-8"?>
<!-- Generated by org.testng.reporters.JUnitReportReporter -->
<testsuite hostname="PUNsdholeN4G3QH.local" failures="0" tests="1" name="com.Mobiquity.TestNG.TestNG_TestClass1" time="0.010" errors="0" timestamp="08 Sep 2018 10:46:18 GMT" skipped="0">
  <testcase classname="com.Mobiquity.TestNG.TestNG_TestClass1" name="testMethod2" time="0.010"/>
</testsuite> <!-- com.Mobiquity.TestNG.TestNG_TestClass1 -->
