<?xml version="1.0" encoding="UTF-8"?>
<!-- Generated by org.testng.reporters.JUnitReportReporter -->
<testsuite hostname="PUNsdholeN4G3QH.local" failures="0" tests="2" name="Regression_Suite.TestNG_TestClass2" time="0.005" errors="0" timestamp="08 Sep 2018 11:06:14 GMT" skipped="0">
  <testcase classname="Regression_Suite.TestNG_TestClass2" name="testMethod2" time="0.002"/>
  <testcase classname="Regression_Suite.TestNG_TestClass2" name="testMethod1" time="0.003"/>
</testsuite> <!-- Regression_Suite.TestNG_TestClass2 -->
