<?xml version="1.0" encoding="UTF-8"?>
<!-- Generated by org.testng.reporters.JUnitReportReporter -->
<testsuite hostname="PUNsdholeN4G3QH.local" failures="0" tests="2" name="Regression_Suite.TestNG_TestClass1" time="0.021" errors="0" timestamp="08 Sep 2018 11:06:14 GMT" skipped="0">
  <testcase classname="Regression_Suite.TestNG_TestClass1" name="testMethod1" time="0.017"/>
  <testcase classname="Regression_Suite.TestNG_TestClass1" name="testMethod2" time="0.004"/>
</testsuite> <!-- Regression_Suite.TestNG_TestClass1 -->
