<?xml version="1.0" encoding="UTF-8"?>
<!-- Generated by org.testng.reporters.JUnitReportReporter -->
<testsuite hostname="PUNsdholeN4G3QH.local" failures="0" tests="2" name="com.Mobiquity.TestNG.TestNG_Grouping" time="0.011" errors="0" timestamp="08 Sep 2018 13:01:57 GMT" skipped="0">
  <testcase classname="com.Mobiquity.TestNG.TestNG_Grouping" name="testHondaCBR" time="0.007"/>
  <testcase classname="com.Mobiquity.TestNG.TestNG_Grouping" name="testNinja" time="0.004"/>
</testsuite> <!-- com.Mobiquity.TestNG.TestNG_Grouping -->
