<?xml version="1.0" encoding="UTF-8"?>
<!-- Generated by org.testng.reporters.JUnitReportReporter -->
<testsuite hostname="PUNsdholeN4G3QH.local" failures="0" tests="2" name="com.Mobiquity.TestNG.TestNG_Parallel2" time="12.026" errors="0" timestamp="08 Sep 2018 14:23:29 GMT" skipped="0">
  <testcase classname="com.Mobiquity.TestNG.TestNG_Parallel2" name="testMethod1" time="6.018"/>
  <testcase classname="com.Mobiquity.TestNG.TestNG_Parallel2" name="testMethod2" time="6.008"/>
</testsuite> <!-- com.Mobiquity.TestNG.TestNG_Parallel2 -->
