<?xml version="1.0" encoding="UTF-8"?>
<!-- Generated by org.testng.reporters.JUnitReportReporter -->
<testsuite hostname="PUNsdholeN4G3QH.local" failures="0" tests="3" name="com.Mobiquity.TestNG.TestNG_Prioritiy" time="0.018" errors="0" timestamp="08 Sep 2018 11:22:44 GMT" skipped="0">
  <testcase classname="com.Mobiquity.TestNG.TestNG_Prioritiy" name="testMethod3" time="0.013"/>
  <testcase classname="com.Mobiquity.TestNG.TestNG_Prioritiy" name="testMethod2" time="0.002"/>
  <testcase classname="com.Mobiquity.TestNG.TestNG_Prioritiy" name="testMethod1" time="0.003"/>
</testsuite> <!-- com.Mobiquity.TestNG.TestNG_Prioritiy -->
