<?xml version="1.0" encoding="UTF-8"?>
<!-- Generated by org.testng.reporters.JUnitReportReporter -->
<testsuite hostname="PUNsdholeN4G3QH.local" failures="0" tests="2" name="com.Mobiquity.TestNG.TestNG_TestClass2" time="0.015" errors="0" timestamp="08 Sep 2018 10:46:18 GMT" skipped="0">
  <testcase classname="com.Mobiquity.TestNG.TestNG_TestClass2" name="testMethod2" time="0.011"/>
  <testcase classname="com.Mobiquity.TestNG.TestNG_TestClass2" name="testMethod1" time="0.004"/>
</testsuite> <!-- com.Mobiquity.TestNG.TestNG_TestClass2 -->
