<?xml version="1.0" encoding="UTF-8"?>
<!-- Generated by org.testng.reporters.JUnitReportReporter -->
<testsuite hostname="PUNsdholeN4G3QH.local" failures="0" tests="2" name="com.Mobiquity.TestNG.TestNG_EnableTimeout" time="0.128" errors="1" timestamp="08 Sep 2018 13:44:34 GMT" skipped="0">
  <testcase classname="com.Mobiquity.TestNG.TestNG_EnableTimeout" name="testMethod1" time="0.012"/>
  <testcase classname="com.Mobiquity.TestNG.TestNG_EnableTimeout" name="testMethod2" time="0.116">
    <error message="Method com.Mobiquity.TestNG.TestNG_EnableTimeout.testMethod2() didn&#039;t finish within the time-out 100" type="org.testng.internal.thread.ThreadTimeoutException">
      <![CDATA[org.testng.internal.thread.ThreadTimeoutException: Method com.Mobiquity.TestNG.TestNG_EnableTimeout.testMethod2() didn't finish within the time-out 100
at app//org.testng.internal.InvokeMethodRunnable.runOne(InvokeMethodRunnable.java:61)
at app//org.testng.internal.InvokeMethodRunnable.run(InvokeMethodRunnable.java:44)
at java.base@10.0.2/java.util.concurrent.Executors$RunnableAdapter.call(Executors.java:514)
at java.base@10.0.2/java.util.concurrent.FutureTask.run(FutureTask.java:264)
at java.base@10.0.2/java.util.concurrent.ThreadPoolExecutor.runWorker(ThreadPoolExecutor.java:1135)
at java.base@10.0.2/java.util.concurrent.ThreadPoolExecutor$Worker.run(ThreadPoolExecutor.java:635)
at java.base@10.0.2/java.lang.Thread.run(Thread.java:844)
]]>
    </error>
  </testcase> <!-- testMethod2 -->
</testsuite> <!-- com.Mobiquity.TestNG.TestNG_EnableTimeout -->
