<?xml version="1.0" encoding="UTF-8"?>
<!-- Generated by org.testng.reporters.JUnitReportReporter -->
<testsuite hostname="PUNsdholeN4G3QH.local" failures="0" tests="2" name="com.Mobiquity.TestNG.TestNG_MethodClassAnnoation" time="0.021" errors="0" timestamp="08 Sep 2018 10:03:06 GMT" skipped="0">
  <testcase classname="com.Mobiquity.TestNG.TestNG_MethodClassAnnoation" name="testMethod2" time="0.003"/>
  <testcase classname="com.Mobiquity.TestNG.TestNG_MethodClassAnnoation" name="testMethod1" time="0.018"/>
</testsuite> <!-- com.Mobiquity.TestNG.TestNG_MethodClassAnnoation -->
