<?xml version="1.0" encoding="UTF-8"?>
<!-- Generated by org.testng.reporters.JUnitReportReporter -->
<testsuite hostname="PUNsdholeN4G3QH.local" failures="0" tests="1" name="com.Mobiquity.TestNG.TestNG_SoftAsserts" time="0.026" errors="0" timestamp="08 Sep 2018 09:19:32 GMT" skipped="0">
  <testcase classname="com.Mobiquity.TestNG.TestNG_SoftAsserts" name="testSum" time="0.026"/>
</testsuite> <!-- com.Mobiquity.TestNG.TestNG_SoftAsserts -->
