<?xml version="1.0" encoding="UTF-8"?>
<!-- Generated by org.testng.reporters.JUnitReportReporter -->
<testsuite hostname="PUNsdholeN4G3QH.local" failures="0" tests="3" name="com.Mobiquity.TestNG_DataProviders" time="0.023" errors="0" timestamp="08 Sep 2018 14:36:41 GMT" skipped="0">
  <testcase classname="com.Mobiquity.TestNG_DataProviders" name="testMethod1" time="0.011"/>
  <testcase classname="com.Mobiquity.TestNG_DataProviders" name="testMethod1" time="0.006"/>
  <testcase classname="com.Mobiquity.TestNG_DataProviders" name="testMethod1" time="0.006"/>
</testsuite> <!-- com.Mobiquity.TestNG_DataProviders -->
