<?xml version="1.0" encoding="UTF-8"?>
<!-- Generated by org.testng.reporters.JUnitReportReporter -->
<testsuite hostname="PUNsdholeN4G3QH.local" failures="0" tests="4" name="com.Mobiquity.TestNG.TestNG_Assert" time="0.042" errors="0" timestamp="08 Sep 2018 09:49:45 GMT" skipped="0">
  <testcase classname="com.Mobiquity.TestNG.TestNG_Assert" name="testStrings" time="0.002"/>
  <testcase classname="com.Mobiquity.TestNG.TestNG_Assert" name="testSum" time="0.002"/>
  <testcase classname="com.Mobiquity.TestNG.TestNG_Assert" name="testcondition" time="0.006"/>
  <testcase classname="com.Mobiquity.TestNG.TestNG_Assert" name="testArrays" time="0.032"/>
</testsuite> <!-- com.Mobiquity.TestNG.TestNG_Assert -->
