<?xml version="1.0" encoding="UTF-8"?>
<!-- Generated by org.testng.reporters.JUnitReportReporter -->
<testsuite hostname="DESKTOP-TSISR14" failures="0" tests="1" name="basic.validateResponse" time="2.694" errors="0" timestamp="31 Jul 2018 17:40:28 GMT" skipped="0">
  <testcase classname="basic.validateResponse" name="statusCodeVerification" time="2.694"/>
</testsuite> <!-- basic.validateResponse -->
