<?xml version="1.0" encoding="UTF-8"?>
<!-- Generated by org.testng.reporters.JUnitReportReporter -->
<testsuite hostname="DESKTOP-TSISR14" failures="0" tests="1" name="specs.RequestSpecificationDemo" time="1.725" errors="0" timestamp="30 Aug 2018 14:55:46 GMT" skipped="0">
  <testcase classname="specs.RequestSpecificationDemo" name="transpotation" time="1.725"/>
</testsuite> <!-- specs.RequestSpecificationDemo -->
