<?xml version="1.0" encoding="UTF-8"?>
<!-- Generated by org.testng.reporters.JUnitReportReporter -->
<testsuite hostname="DESKTOP-TSISR14" failures="0" tests="1" name="basic.GetRequestDemo" time="2.250" errors="0" timestamp="01 Aug 2018 14:19:23 GMT" skipped="0">
  <testcase classname="basic.GetRequestDemo" name="statusCodeVerification" time="2.250"/>
</testsuite> <!-- basic.GetRequestDemo -->
